47.0 APEX_CODE,FINEST;APEX_PROFILING,INFO;CALLOUT,INFO;DB,INFO;NBA,INFO;SYSTEM,DEBUG;VALIDATION,INFO;VISUALFORCE,INFO;WAVE,INFO;WORKFLOW,INFO
10:57:23.0 (674203)|USER_INFO|[EXTERNAL]|0057E000008W6Za|test-d1mnguhzovnl@example.com|(GMT+00:00) Greenwich Mean Time (Europe/London)|GMTZ
10:57:23.0 (712233)|EXECUTION_STARTED
10:57:23.0 (719598)|CODE_UNIT_STARTED|[EXTERNAL]|01p7E0000046gle|ltngMap.LtngMapController_Test.makeData()
10:57:23.0 (943225)|HEAP_ALLOCATE|[79]|Bytes:3
10:57:23.0 (979619)|HEAP_ALLOCATE|[84]|Bytes:152
10:57:23.0 (994913)|HEAP_ALLOCATE|[399]|Bytes:408
10:57:23.0 (1010115)|HEAP_ALLOCATE|[412]|Bytes:408
10:57:23.0 (1023720)|HEAP_ALLOCATE|[520]|Bytes:48
10:57:23.0 (1048204)|HEAP_ALLOCATE|[139]|Bytes:6
10:57:23.0 (1062133)|HEAP_ALLOCATE|[EXTERNAL]|Bytes:44
10:57:23.0 (1074977)|METHOD_ENTRY|[2]|01p7E0000046gle|ltngMap.LtngMapController_Test.LtngMapController_Test()
10:57:23.0 (1081876)|STATEMENT_EXECUTE|[2]
10:57:23.0 (1087874)|STATEMENT_EXECUTE|[2]
10:57:23.0 (1116164)|HEAP_ALLOCATE|[52]|Bytes:5
10:57:23.0 (1137070)|HEAP_ALLOCATE|[58]|Bytes:5
10:57:23.0 (1144722)|HEAP_ALLOCATE|[66]|Bytes:7
10:57:23.0 (1556050)|SYSTEM_MODE_ENTER|false
10:57:23.0 (1574951)|HEAP_ALLOCATE|[EXTERNAL]|Bytes:5
10:57:23.0 (1585922)|SYSTEM_MODE_EXIT|false
10:57:23.0 (1596593)|METHOD_EXIT|[2]|ltngMap.LtngMapController_Test
10:57:23.0 (1639785)|SYSTEM_MODE_ENTER|false
10:57:23.0 (1645287)|HEAP_ALLOCATE|[5]|Bytes:5
10:57:23.0 (1651173)|STATEMENT_EXECUTE|[4]
10:57:23.0 (1653954)|STATEMENT_EXECUTE|[5]
10:57:23.0 (1718731)|HEAP_ALLOCATE|[5]|Bytes:4
10:57:23.0 (1794844)|HEAP_ALLOCATE|[5]|Bytes:10
10:57:23.0 (1883854)|VARIABLE_ASSIGNMENT|[5]|this.Name|"My Account"|0x66db2412
10:57:23.0 (1891964)|HEAP_ALLOCATE|[5]|Bytes:14
10:57:23.0 (1914903)|VARIABLE_ASSIGNMENT|[5]|this.BillingStreet|"Billing Street"|0x66db2412
10:57:23.0 (1921111)|HEAP_ALLOCATE|[5]|Bytes:12
10:57:23.0 (1936075)|VARIABLE_ASSIGNMENT|[5]|this.BillingCity|"Billing City"|0x66db2412
10:57:23.0 (1942314)|HEAP_ALLOCATE|[5]|Bytes:12
10:57:23.0 (1957014)|VARIABLE_ASSIGNMENT|[5]|this.BillingState|"billingState"|0x66db2412
10:57:23.0 (1963576)|HEAP_ALLOCATE|[5]|Bytes:14
10:57:23.0 (1977809)|VARIABLE_ASSIGNMENT|[5]|this.BillingCountry|"billingCountry"|0x66db2412
10:57:23.0 (1983497)|HEAP_ALLOCATE|[5]|Bytes:19
10:57:23.0 (1998587)|VARIABLE_ASSIGNMENT|[5]|this.BillingPostalCode|"Billing Postal Code"|0x66db2412
10:57:23.0 (2025665)|VARIABLE_SCOPE_BEGIN|[5]|acc|Account|true|false
10:57:23.0 (2056247)|VARIABLE_ASSIGNMENT|[5]|acc|{"Name":"My Account","BillingStreet":"Billing Street","BillingCity":"Billing City","BillingState":"billingState","BillingCountry":"billingCountry","BillingPostalCode":"Billing Postal Code"}|0x66db2412
10:57:23.0 (2065470)|STATEMENT_EXECUTE|[6]
10:57:23.0 (2109446)|HEAP_ALLOCATE|[6]|Bytes:8
10:57:23.0 (2121705)|DML_BEGIN|[6]|Op:Insert|Type:Account|Rows:1
10:57:23.0 (2151195)|HEAP_ALLOCATE|[EXTERNAL]|Bytes:8
10:57:23.0 (170583419)|DML_END|[6]
10:57:23.0 (170615156)|STATEMENT_EXECUTE|[7]
10:57:23.0 (170686128)|HEAP_ALLOCATE|[7]|Bytes:4
10:57:23.0 (170877602)|VARIABLE_ASSIGNMENT|[7]|this.AccountId|"0017E0000168MFXQA2"|0x2e57f906
10:57:23.0 (170891851)|HEAP_ALLOCATE|[7]|Bytes:10
10:57:23.0 (170913950)|VARIABLE_ASSIGNMENT|[7]|this.LastName|"My Contact"|0x2e57f906
10:57:23.0 (170920398)|HEAP_ALLOCATE|[7]|Bytes:14
10:57:23.0 (170937651)|VARIABLE_ASSIGNMENT|[7]|this.MailingStreet|"mailing Street"|0x2e57f906
10:57:23.0 (170943849)|HEAP_ALLOCATE|[7]|Bytes:12
10:57:23.0 (170958960)|VARIABLE_ASSIGNMENT|[7]|this.MailingCity|"mailing City"|0x2e57f906
10:57:23.0 (170965225)|HEAP_ALLOCATE|[7]|Bytes:12
10:57:23.0 (170979201)|VARIABLE_ASSIGNMENT|[7]|this.MailingState|"mailingState"|0x2e57f906
10:57:23.0 (170985200)|HEAP_ALLOCATE|[7]|Bytes:14
10:57:23.0 (171000011)|VARIABLE_ASSIGNMENT|[7]|this.MailingCountry|"mailingCountry"|0x2e57f906
10:57:23.0 (171006615)|HEAP_ALLOCATE|[7]|Bytes:19
10:57:23.0 (171021412)|VARIABLE_ASSIGNMENT|[7]|this.MailingPostalCode|"Mailing Postal Code"|0x2e57f906
10:57:23.0 (171051072)|VARIABLE_SCOPE_BEGIN|[7]|cont|Contact|true|false
10:57:23.0 (171082784)|VARIABLE_ASSIGNMENT|[7]|cont|{"AccountId":"0017E0000168MFXQA2","LastName":"My Contact","MailingStreet":"mailing Street","MailingCity":"mailing City","MailingState":"mailingState","MailingCountry":"mailingCountry","MailingPostalCode":"Mailing Postal Code"}|0x2e57f906
10:57:23.0 (171092258)|STATEMENT_EXECUTE|[8]
10:57:23.0 (171128737)|HEAP_ALLOCATE|[8]|Bytes:8
10:57:23.0 (171138435)|DML_BEGIN|[8]|Op:Insert|Type:Contact|Rows:1
10:57:23.0 (171165730)|HEAP_ALLOCATE|[EXTERNAL]|Bytes:8
10:57:23.0 (308912163)|DML_END|[8]
10:57:23.0 (308951681)|SYSTEM_MODE_EXIT|false
10:57:23.308 (308998936)|CUMULATIVE_LIMIT_USAGE
10:57:23.308 (308998936)|LIMIT_USAGE_FOR_NS|(default)|
  Number of SOQL queries: 0 out of 100
  Number of query rows: 0 out of 50000
  Number of SOSL queries: 0 out of 20
  Number of DML statements: 0 out of 150
  Number of DML rows: 0 out of 10000
  Maximum CPU time: 0 out of 10000
  Maximum heap size: 0 out of 6000000
  Number of callouts: 0 out of 100
  Number of Email Invocations: 0 out of 10
  Number of future calls: 0 out of 50
  Number of queueable jobs added to the queue: 0 out of 50
  Number of Mobile Apex push calls: 0 out of 10

10:57:23.308 (308998936)|LIMIT_USAGE_FOR_NS|ltngMap|
  Number of SOQL queries: 0 out of 100
  Number of query rows: 0 out of 50000
  Number of SOSL queries: 0 out of 20
  Number of DML statements: 2 out of 150
  Number of DML rows: 2 out of 10000
  Maximum CPU time: 0 out of 10000
  Maximum heap size: 0 out of 6000000
  Number of callouts: 0 out of 100
  Number of Email Invocations: 0 out of 10
  Number of future calls: 0 out of 50
  Number of queueable jobs added to the queue: 0 out of 50
  Number of Mobile Apex push calls: 0 out of 10

10:57:23.308 (308998936)|CUMULATIVE_LIMIT_USAGE_END

10:57:23.0 (309044473)|CODE_UNIT_FINISHED|ltngMap.LtngMapController_Test.makeData()
10:57:23.0 (310614841)|EXECUTION_FINISHED
10:57:23.332 (332790899)|USER_INFO|[EXTERNAL]|0057E000008W6Za|test-d1mnguhzovnl@example.com|(GMT+00:00) Greenwich Mean Time (Europe/London)|GMTZ
10:57:23.332 (332813423)|EXECUTION_STARTED
10:57:23.332 (332819758)|CODE_UNIT_STARTED|[EXTERNAL]|01p7E0000046gle|ltngMap.LtngMapController_Test.getPropertyAddress()
10:57:23.332 (332968404)|HEAP_ALLOCATE|[79]|Bytes:3
10:57:23.332 (333008018)|HEAP_ALLOCATE|[84]|Bytes:152
10:57:23.332 (333025192)|HEAP_ALLOCATE|[399]|Bytes:408
10:57:23.332 (333039893)|HEAP_ALLOCATE|[412]|Bytes:408
10:57:23.332 (333052602)|HEAP_ALLOCATE|[520]|Bytes:48
10:57:23.332 (333076336)|HEAP_ALLOCATE|[139]|Bytes:6
10:57:23.332 (333091040)|HEAP_ALLOCATE|[EXTERNAL]|Bytes:44
10:57:23.332 (333101999)|METHOD_ENTRY|[2]|01p7E0000046gle|ltngMap.LtngMapController_Test.LtngMapController_Test()
10:57:23.332 (333108642)|STATEMENT_EXECUTE|[2]
10:57:23.332 (333115766)|STATEMENT_EXECUTE|[2]
10:57:23.332 (333558224)|SYSTEM_MODE_ENTER|false
10:57:23.332 (333607965)|HEAP_ALLOCATE|[52]|Bytes:5
10:57:23.332 (333642564)|HEAP_ALLOCATE|[58]|Bytes:5
10:57:23.332 (333654690)|HEAP_ALLOCATE|[66]|Bytes:7
10:57:23.332 (333672834)|HEAP_ALLOCATE|[EXTERNAL]|Bytes:5
10:57:23.332 (333686384)|SYSTEM_MODE_EXIT|false
10:57:23.332 (333699798)|METHOD_EXIT|[2]|ltngMap.LtngMapController_Test
10:57:23.332 (333749003)|SYSTEM_MODE_ENTER|false
10:57:23.332 (333758058)|HEAP_ALLOCATE|[13]|Bytes:5
10:57:23.332 (333765199)|STATEMENT_EXECUTE|[12]
10:57:23.332 (333769203)|STATEMENT_EXECUTE|[13]
10:57:23.332 (333793427)|HEAP_ALLOCATE|[13]|Bytes:114
10:57:23.332 (333825511)|HEAP_ALLOCATE|[13]|Bytes:4
10:57:23.332 (334161968)|SOQL_EXECUTE_BEGIN|[13]|Aggregations:0|SELECT name, description, billingStreet, billingCity, billingState, billingCountry, billingPostalCode FROM Account
10:57:23.332 (345726872)|SOQL_EXECUTE_END|[13]|Rows:1
10:57:23.332 (345759792)|HEAP_ALLOCATE|[13]|Bytes:8
10:57:23.332 (345773102)|HEAP_ALLOCATE|[13]|Bytes:209
10:57:23.332 (345898759)|HEAP_ALLOCATE|[13]|Bytes:8
10:57:23.332 (345985626)|HEAP_ALLOCATE|[13]|Bytes:32
10:57:23.332 (345997982)|VARIABLE_SCOPE_BEGIN|[13]|acc|Account|true|false
10:57:23.332 (346065966)|VARIABLE_ASSIGNMENT|[13]|acc|{"Name":"My Account","BillingStreet":"Billing Street","BillingCity":"Billing City","BillingState":"billingState","BillingCountry":"billingCountry","BillingPostalCode":"Billing Postal Code","Id":"0017E0000168MFXQA2"}|0x71dd2e7e
10:57:23.332 (346076278)|STATEMENT_EXECUTE|[15]
10:57:23.332 (346119956)|HEAP_ALLOCATE|[15]|Bytes:74
10:57:23.332 (346133092)|SYSTEM_METHOD_ENTRY|[1]|Test.Test()
10:57:23.332 (346137642)|STATEMENT_EXECUTE|[1]
10:57:23.332 (346145148)|SYSTEM_METHOD_EXIT|[1]|Test
10:57:23.332 (346160202)|METHOD_ENTRY|[15]||System.Test.startTest()
10:57:23.332 (347462620)|METHOD_EXIT|[15]||System.Test.startTest()
10:57:23.332 (347474223)|STATEMENT_EXECUTE|[16]
10:57:23.332 (365180914)|VARIABLE_SCOPE_BEGIN|[5]|ltngMap.LtngMapController.mapError|ltngMap__Map_Error__c|true|true
10:57:23.332 (365205529)|HEAP_ALLOCATE|[16]|Bytes:18
10:57:23.332 (365214694)|HEAP_ALLOCATE|[16]|Bytes:17
10:57:23.332 (365219597)|HEAP_ALLOCATE|[16]|Bytes:2
10:57:23.332 (365242688)|METHOD_ENTRY|[1]|01p7E00000462zM|ltngMap.LtngMapController.LtngMapController()
10:57:23.332 (365248696)|STATEMENT_EXECUTE|[1]
10:57:23.332 (365253947)|STATEMENT_EXECUTE|[1]
10:57:23.332 (365266365)|HEAP_ALLOCATE|[5]|Bytes:5
10:57:23.332 (365271979)|STATEMENT_EXECUTE|[5]
10:57:23.332 (365308375)|HEAP_ALLOCATE|[5]|Bytes:4
10:57:23.332 (365426798)|VARIABLE_ASSIGNMENT|[5]|ltngMap.LtngMapController.mapError|{}|0x7c89367
10:57:23.332 (365434935)|STATEMENT_EXECUTE|[161]
10:57:23.332 (365437388)|STATEMENT_EXECUTE|[183]
10:57:23.332 (365447063)|METHOD_EXIT|[1]|ltngMap.LtngMapController
10:57:23.332 (365480987)|METHOD_ENTRY|[16]|01p7E00000462zM|ltngMap.LtngMapController.getPropertyAddress(Id, String, String, String, String, String, String, String)
10:57:23.332 (365707115)|VARIABLE_SCOPE_BEGIN|[14]|recId|Id|false|false
10:57:23.332 (365820760)|VARIABLE_ASSIGNMENT|[14]|recId|"0017E0000168MFXQA2"
10:57:23.332 (365828775)|VARIABLE_SCOPE_BEGIN|[14]|street|String|false|false
10:57:23.332 (365841486)|VARIABLE_ASSIGNMENT|[14]|street|"Billing Street"
10:57:23.332 (365846616)|VARIABLE_SCOPE_BEGIN|[14]|city|String|false|false
10:57:23.332 (365855823)|VARIABLE_ASSIGNMENT|[14]|city|"Billing City"
10:57:23.332 (365860989)|VARIABLE_SCOPE_BEGIN|[14]|state|String|false|false
10:57:23.332 (365879287)|VARIABLE_ASSIGNMENT|[14]|state|"billingState"
10:57:23.332 (365885184)|VARIABLE_SCOPE_BEGIN|[14]|country|String|false|false
10:57:23.332 (365894220)|VARIABLE_ASSIGNMENT|[14]|country|"billingCountry"
10:57:23.332 (365898961)|VARIABLE_SCOPE_BEGIN|[14]|postcode|String|false|false
10:57:23.332 (365908119)|VARIABLE_ASSIGNMENT|[14]|postcode|"Billing Postal Code"
10:57:23.332 (365912756)|VARIABLE_SCOPE_BEGIN|[14]|recordName|String|false|false
10:57:23.332 (365921860)|VARIABLE_ASSIGNMENT|[14]|recordName|"My Account"
10:57:23.332 (365926669)|VARIABLE_SCOPE_BEGIN|[14]|recordDesc|String|false|false
10:57:23.332 (365935238)|VARIABLE_ASSIGNMENT|[14]|recordDesc|null
10:57:23.332 (365957227)|HEAP_ALLOCATE|[15]|Bytes:5
10:57:23.332 (365965032)|STATEMENT_EXECUTE|[14]
10:57:23.332 (365967704)|STATEMENT_EXECUTE|[15]
10:57:23.332 (365980717)|HEAP_ALLOCATE|[15]|Bytes:1
10:57:23.332 (365987056)|VARIABLE_SCOPE_BEGIN|[15]|mapName|String|false|false
10:57:23.332 (365997825)|VARIABLE_ASSIGNMENT|[15]|mapName|" "
10:57:23.332 (366003139)|STATEMENT_EXECUTE|[16]
10:57:23.332 (366010143)|VARIABLE_SCOPE_BEGIN|[16]|mapDesc|String|false|false
10:57:23.332 (366019366)|VARIABLE_ASSIGNMENT|[16]|mapDesc|" "
10:57:23.332 (366023849)|STATEMENT_EXECUTE|[17]
10:57:23.332 (366166599)|HEAP_ALLOCATE|[17]|Bytes:7
10:57:23.332 (366184716)|HEAP_ALLOCATE|[17]|Bytes:7
10:57:23.332 (366189824)|VARIABLE_SCOPE_BEGIN|[17]|objType|String|false|false
10:57:23.332 (366201106)|VARIABLE_ASSIGNMENT|[17]|objType|"Account"
10:57:23.332 (366206265)|STATEMENT_EXECUTE|[18]
10:57:23.332 (366213637)|HEAP_ALLOCATE|[18]|Bytes:1
10:57:23.332 (366222944)|HEAP_ALLOCATE|[18]|Bytes:41
10:57:23.332 (366230500)|HEAP_ALLOCATE|[18]|Bytes:34
10:57:23.332 (366235416)|HEAP_ALLOCATE|[18]|Bytes:75
10:57:23.332 (366239679)|VARIABLE_SCOPE_BEGIN|[18]|fields|String|false|false
10:57:23.332 (366252530)|VARIABLE_ASSIGNMENT|[18]|fields|"Billing Street,Billi (55 more) ..."
10:57:23.332 (366265936)|METHOD_ENTRY|[20]|01p7E00000462zM|ltngMap.LtngMapController.notNullOrBlank(String)
10:57:23.332 (366281308)|VARIABLE_SCOPE_BEGIN|[127]|fieldName|String|false|false
10:57:23.332 (366290835)|VARIABLE_ASSIGNMENT|[127]|fieldName|"My Account"
10:57:23.332 (366303294)|HEAP_ALLOCATE|[128]|Bytes:5
10:57:23.332 (366307736)|STATEMENT_EXECUTE|[127]
10:57:23.332 (366310179)|STATEMENT_EXECUTE|[128]
10:57:23.332 (366339533)|HEAP_ALLOCATE|[128]|Bytes:5
10:57:23.332 (366348673)|METHOD_EXIT|[20]|01p7E00000462zM|ltngMap.LtngMapController.notNullOrBlank(String)
10:57:23.332 (366355710)|STATEMENT_EXECUTE|[20]
10:57:23.332 (366358135)|STATEMENT_EXECUTE|[21]
10:57:23.332 (366365687)|HEAP_ALLOCATE|[21]|Bytes:11
10:57:23.332 (366370859)|HEAP_ALLOCATE|[21]|Bytes:86
10:57:23.332 (366380452)|VARIABLE_ASSIGNMENT|[21]|fields|"Billing Street,Billi (66 more) ..."
10:57:23.332 (366388183)|METHOD_ENTRY|[25]|01p7E00000462zM|ltngMap.LtngMapController.notNullOrBlank(String)
10:57:23.332 (366396823)|VARIABLE_SCOPE_BEGIN|[127]|fieldName|String|false|false
10:57:23.332 (366405716)|VARIABLE_ASSIGNMENT|[127]|fieldName|null
10:57:23.332 (366412933)|HEAP_ALLOCATE|[128]|Bytes:5
10:57:23.332 (366416871)|STATEMENT_EXECUTE|[127]
10:57:23.332 (366419107)|STATEMENT_EXECUTE|[128]
10:57:23.332 (366425460)|HEAP_ALLOCATE|[128]|Bytes:5
10:57:23.332 (366431439)|METHOD_EXIT|[25]|01p7E00000462zM|ltngMap.LtngMapController.notNullOrBlank(String)
10:57:23.332 (366436590)|STATEMENT_EXECUTE|[25]
10:57:23.332 (366441745)|STATEMENT_EXECUTE|[29]
10:57:23.332 (366447318)|HEAP_ALLOCATE|[29]|Bytes:7
10:57:23.332 (366451987)|HEAP_ALLOCATE|[29]|Bytes:6
10:57:23.332 (366456155)|HEAP_ALLOCATE|[29]|Bytes:13
10:57:23.332 (366476713)|HEAP_ALLOCATE|[29]|Bytes:18
10:57:23.332 (366487948)|HEAP_ALLOCATE|[29]|Bytes:137
10:57:23.332 (366492389)|HEAP_ALLOCATE|[29]|Bytes:1
10:57:23.332 (366497004)|HEAP_ALLOCATE|[29]|Bytes:138
10:57:23.332 (366501275)|VARIABLE_SCOPE_BEGIN|[29]|query|String|false|false
10:57:23.332 (366512839)|VARIABLE_ASSIGNMENT|[29]|query|"SELECT Billing Stree (118 more) ..."
10:57:23.332 (366518381)|STATEMENT_EXECUTE|[30]
10:57:23.332 (366528569)|HEAP_ALLOCATE|[30]|Bytes:18
10:57:23.332 (366539897)|METHOD_ENTRY|[30]|01p7E00000462zM|ltngMap.LtngMapController.setCoreErrorFields(String, String, String)
10:57:23.332 (366553903)|VARIABLE_SCOPE_BEGIN|[114]|query|String|false|false
10:57:23.332 (366564343)|VARIABLE_ASSIGNMENT|[114]|query|"SELECT Billing Stree (118 more) ..."
10:57:23.332 (366569043)|VARIABLE_SCOPE_BEGIN|[114]|objType|String|false|false
10:57:23.332 (366577488)|VARIABLE_ASSIGNMENT|[114]|objType|"Account"
10:57:23.332 (366582081)|VARIABLE_SCOPE_BEGIN|[114]|id|String|false|false
10:57:23.332 (366591412)|VARIABLE_ASSIGNMENT|[114]|id|"0017E0000168MFXQA2"
10:57:23.332 (366599678)|HEAP_ALLOCATE|[115]|Bytes:5
10:57:23.332 (366603983)|STATEMENT_EXECUTE|[114]
10:57:23.332 (366606330)|STATEMENT_EXECUTE|[115]
10:57:23.332 (366730424)|VARIABLE_ASSIGNMENT|[115]|this.ltngMap__Record_ID__c|"0017E0000168MFXQA2"|0x7c89367
10:57:23.332 (366737736)|STATEMENT_EXECUTE|[116]
10:57:23.332 (366772955)|VARIABLE_ASSIGNMENT|[116]|this.ltngMap__Object_Name__c|"Account"|0x7c89367
10:57:23.332 (366779238)|STATEMENT_EXECUTE|[117]
10:57:23.332 (366808844)|VARIABLE_ASSIGNMENT|[117]|this.ltngMap__Mapping_Query__c|"SELECT Billing Stree (118 more) ..."|0x7c89367
10:57:23.332 (366814820)|STATEMENT_EXECUTE|[118]
10:57:23.332 (366841221)|VARIABLE_ASSIGNMENT|[118]|this.ltngMap__Inaccessible_Fields__c|""|0x7c89367
10:57:23.332 (366847120)|STATEMENT_EXECUTE|[119]
10:57:23.332 (366880633)|VARIABLE_ASSIGNMENT|[119]|this.ltngMap__Exception_Type__c|""|0x7c89367
10:57:23.332 (366886657)|STATEMENT_EXECUTE|[120]
10:57:23.332 (366912478)|VARIABLE_ASSIGNMENT|[120]|this.ltngMap__Exception_Message__c|""|0x7c89367
10:57:23.332 (366926842)|METHOD_EXIT|[30]|01p7E00000462zM|ltngMap.LtngMapController.setCoreErrorFields(String, String, String)
10:57:23.332 (366932680)|STATEMENT_EXECUTE|[32]
10:57:23.332 (366991521)|HEAP_ALLOCATE|[32]|Bytes:14
10:57:23.332 (366996889)|HEAP_ALLOCATE|[32]|Bytes:12
10:57:23.332 (367000834)|HEAP_ALLOCATE|[32]|Bytes:12
10:57:23.332 (367005430)|HEAP_ALLOCATE|[32]|Bytes:14
10:57:23.332 (367008852)|HEAP_ALLOCATE|[32]|Bytes:19
10:57:23.332 (367012274)|HEAP_ALLOCATE|[32]|Bytes:10
10:57:23.332 (367018254)|HEAP_ALLOCATE|[32]|Bytes:28
10:57:23.332 (367037279)|METHOD_ENTRY|[32]|01p7E00000462zM|ltngMap.LtngMapController.hasAccess(String, List<String>)
10:57:23.332 (367045674)|VARIABLE_SCOPE_BEGIN|[135]|SObj|String|false|false
10:57:23.332 (367056511)|VARIABLE_ASSIGNMENT|[135]|SObj|"Account"
10:57:23.332 (367061937)|VARIABLE_SCOPE_BEGIN|[135]|fields|List<String>|true|false
10:57:23.332 (367089150)|HEAP_ALLOCATE|[EXTERNAL]|Bytes:28
10:57:23.332 (367103883)|VARIABLE_ASSIGNMENT|[135]|fields|"List of size 6 too large to display"|0x1777e0bb
10:57:23.332 (367119572)|HEAP_ALLOCATE|[136]|Bytes:5
10:57:23.332 (367125001)|STATEMENT_EXECUTE|[135]
10:57:23.332 (367127578)|STATEMENT_EXECUTE|[136]
10:57:23.332 (427014833)|HEAP_ALLOCATE|[136]|Bytes:2096
10:57:23.332 (427111331)|VARIABLE_SCOPE_BEGIN|[136]|objType|Schema.SObjectType|true|false
10:57:23.332 (427190194)|VARIABLE_ASSIGNMENT|[136]|objType|"common.apex.runtime.impl.ApexSObjectTypeToken@72c321d3"|0x72c321d3
10:57:23.332 (427200604)|STATEMENT_EXECUTE|[137]
10:57:23.332 (449990000)|HEAP_ALLOCATE|[137]|Bytes:4
10:57:23.332 (450565766)|HEAP_ALLOCATE|[137]|Bytes:236
10:57:23.332 (450585424)|VARIABLE_SCOPE_BEGIN|[137]|fieldMap|Map<String,Schema.SObjectField>|true|false
10:57:23.332 (450779134)|VARIABLE_ASSIGNMENT|[137]|fieldMap|"{accountnumber=AccountNumber, accountsource=AccountSource, annualrevenue=AnnualRevenue, billingaddress=BillingAddress, billingcity=BillingCity, billingcountry=BillingCountry, billinggeocodeaccuracy=BillingGeocodeAccuracy, billinglatitude=BillingLatitude, billinglongitude=BillingLongitude, billingpostalcode=BillingPostalCode, ...}"|0xf930f9a
10:57:23.332 (450791817)|STATEMENT_EXECUTE|[139]
10:57:23.332 (450809792)|VARIABLE_SCOPE_BEGIN|[139]|access|Boolean|false|false
10:57:23.332 (450824169)|HEAP_ALLOCATE|[139]|Bytes:5
10:57:23.332 (450837635)|VARIABLE_ASSIGNMENT|[139]|access|true
10:57:23.332 (450972911)|HEAP_ALLOCATE|[140]|Bytes:5
10:57:23.332 (450989742)|HEAP_ALLOCATE|[140]|Bytes:14
10:57:23.332 (451002309)|VARIABLE_SCOPE_BEGIN|[140]|field|String|false|false
10:57:23.332 (451016791)|VARIABLE_ASSIGNMENT|[140]|field|"Billing Street"
10:57:23.332 (451022442)|STATEMENT_EXECUTE|[140]
10:57:23.332 (451024880)|STATEMENT_EXECUTE|[141]
10:57:23.332 (451026969)|STATEMENT_EXECUTE|[141]
10:57:23.332 (451123294)|HEAP_ALLOCATE|[142]|Bytes:41
10:57:23.332 (451158511)|VARIABLE_SCOPE_BEGIN|[146]|e|Exception|true|false
10:57:23.332 (451209396)|VARIABLE_ASSIGNMENT|[146]|e|"common.apex.runtime.impl.ExecutionException: Attempt to de-reference a null object"|0x25145bed
10:57:23.332 (451215849)|STATEMENT_EXECUTE|[146]
10:57:23.332 (451218611)|STATEMENT_EXECUTE|[147]
10:57:23.332 (451316689)|HEAP_ALLOCATE|[147]|Bytes:27
10:57:23.332 (451327752)|HEAP_ALLOCATE|[147]|Bytes:3
10:57:23.332 (451341742)|HEAP_ALLOCATE|[147]|Bytes:30
10:57:23.332 (451347042)|HEAP_ALLOCATE|[147]|Bytes:30
10:57:23.332 (451435460)|VARIABLE_ASSIGNMENT|[147]|this.ltngMap__Exception_Type__c|"System.NullPointerEx (10 more) ..."|0x7c89367
10:57:23.332 (451443811)|STATEMENT_EXECUTE|[148]
10:57:23.332 (451483720)|HEAP_ALLOCATE|[148]|Bytes:37
10:57:23.332 (451494193)|HEAP_ALLOCATE|[148]|Bytes:40
10:57:23.332 (451500568)|HEAP_ALLOCATE|[148]|Bytes:40
10:57:23.332 (451540710)|VARIABLE_ASSIGNMENT|[148]|this.ltngMap__Exception_Message__c|"Attempt to de-refere (20 more) ..."|0x7c89367
10:57:23.332 (451563024)|HEAP_ALLOCATE|[140]|Bytes:5
10:57:23.332 (451574436)|HEAP_ALLOCATE|[140]|Bytes:12
10:57:23.332 (451582006)|VARIABLE_SCOPE_BEGIN|[140]|field|String|false|false
10:57:23.332 (451593138)|VARIABLE_ASSIGNMENT|[140]|field|"Billing City"
10:57:23.332 (451598327)|STATEMENT_EXECUTE|[140]
10:57:23.332 (451600512)|STATEMENT_EXECUTE|[141]
10:57:23.332 (451602606)|STATEMENT_EXECUTE|[141]
10:57:23.332 (451633601)|HEAP_ALLOCATE|[142]|Bytes:41
10:57:23.332 (451656801)|VARIABLE_SCOPE_BEGIN|[146]|e|Exception|true|false
10:57:23.332 (451700743)|VARIABLE_ASSIGNMENT|[146]|e|"common.apex.runtime.impl.ExecutionException: Attempt to de-reference a null object"|0x11a93066
10:57:23.332 (451707003)|STATEMENT_EXECUTE|[146]
10:57:23.332 (451709253)|STATEMENT_EXECUTE|[147]
10:57:23.332 (451735829)|HEAP_ALLOCATE|[147]|Bytes:27
10:57:23.332 (451746311)|HEAP_ALLOCATE|[147]|Bytes:30
10:57:23.332 (451750837)|HEAP_ALLOCATE|[147]|Bytes:60
10:57:23.332 (451803290)|VARIABLE_ASSIGNMENT|[147]|this.ltngMap__Exception_Type__c|"System.NullPointerEx (40 more) ..."|0x7c89367
10:57:23.332 (451826797)|STATEMENT_EXECUTE|[148]
10:57:23.332 (451847096)|HEAP_ALLOCATE|[148]|Bytes:37
10:57:23.332 (451856322)|HEAP_ALLOCATE|[148]|Bytes:40
10:57:23.332 (451860978)|HEAP_ALLOCATE|[148]|Bytes:80
10:57:23.332 (451902857)|VARIABLE_ASSIGNMENT|[148]|this.ltngMap__Exception_Message__c|"Attempt to de-refere (60 more) ..."|0x7c89367
10:57:23.332 (451919130)|HEAP_ALLOCATE|[140]|Bytes:5
10:57:23.332 (451929233)|HEAP_ALLOCATE|[140]|Bytes:12
10:57:23.332 (451936240)|VARIABLE_SCOPE_BEGIN|[140]|field|String|false|false
10:57:23.332 (451948986)|VARIABLE_ASSIGNMENT|[140]|field|"billingState"
10:57:23.332 (451957826)|STATEMENT_EXECUTE|[140]
10:57:23.332 (451960131)|STATEMENT_EXECUTE|[141]
10:57:23.332 (451962315)|STATEMENT_EXECUTE|[141]
10:57:23.332 (452007384)|SYSTEM_MODE_ENTER|true
10:57:23.332 (453649393)|HEAP_ALLOCATE|[EXTERNAL]|Bytes:4
10:57:23.332 (454146535)|HEAP_ALLOCATE|[142]|Bytes:8
10:57:23.332 (454192053)|STATEMENT_EXECUTE|[142]
10:57:23.332 (454221095)|HEAP_ALLOCATE|[140]|Bytes:5
10:57:23.332 (454235791)|HEAP_ALLOCATE|[140]|Bytes:14
10:57:23.332 (454244220)|VARIABLE_SCOPE_BEGIN|[140]|field|String|false|false
10:57:23.332 (454259928)|VARIABLE_ASSIGNMENT|[140]|field|"billingCountry"
10:57:23.332 (454265851)|STATEMENT_EXECUTE|[140]
10:57:23.332 (454268867)|STATEMENT_EXECUTE|[141]
10:57:23.332 (454271998)|STATEMENT_EXECUTE|[141]
10:57:23.332 (454300993)|SYSTEM_MODE_ENTER|true
10:57:23.332 (454452286)|HEAP_ALLOCATE|[EXTERNAL]|Bytes:4
10:57:23.332 (454493782)|HEAP_ALLOCATE|[142]|Bytes:8
10:57:23.332 (454514037)|STATEMENT_EXECUTE|[142]
10:57:23.332 (454535007)|HEAP_ALLOCATE|[140]|Bytes:5
10:57:23.332 (454546445)|HEAP_ALLOCATE|[140]|Bytes:19
10:57:23.332 (454554518)|VARIABLE_SCOPE_BEGIN|[140]|field|String|false|false
10:57:23.332 (454572530)|VARIABLE_ASSIGNMENT|[140]|field|"Billing Postal Code"
10:57:23.332 (454577712)|STATEMENT_EXECUTE|[140]
10:57:23.332 (454580059)|STATEMENT_EXECUTE|[141]
10:57:23.332 (454582299)|STATEMENT_EXECUTE|[141]
10:57:23.332 (454609952)|HEAP_ALLOCATE|[142]|Bytes:41
10:57:23.332 (454636350)|VARIABLE_SCOPE_BEGIN|[146]|e|Exception|true|false
10:57:23.332 (454684787)|VARIABLE_ASSIGNMENT|[146]|e|"common.apex.runtime.impl.ExecutionException: Attempt to de-reference a null object"|0x566f239e
10:57:23.332 (454691813)|STATEMENT_EXECUTE|[146]
10:57:23.332 (454694191)|STATEMENT_EXECUTE|[147]
10:57:23.332 (454718180)|HEAP_ALLOCATE|[147]|Bytes:27
10:57:23.332 (454733975)|HEAP_ALLOCATE|[147]|Bytes:30
10:57:23.332 (454739397)|HEAP_ALLOCATE|[147]|Bytes:90
10:57:23.332 (454812226)|VARIABLE_ASSIGNMENT|[147]|this.ltngMap__Exception_Type__c|"System.NullPointerEx (70 more) ..."|0x7c89367
10:57:23.332 (454819849)|STATEMENT_EXECUTE|[148]
10:57:23.332 (454840651)|HEAP_ALLOCATE|[148]|Bytes:37
10:57:23.332 (454851508)|HEAP_ALLOCATE|[148]|Bytes:40
10:57:23.332 (454856298)|HEAP_ALLOCATE|[148]|Bytes:120
10:57:23.332 (454904759)|VARIABLE_ASSIGNMENT|[148]|this.ltngMap__Exception_Message__c|"Attempt to de-refere (100 more) ..."|0x7c89367
10:57:23.332 (454922441)|HEAP_ALLOCATE|[140]|Bytes:5
10:57:23.332 (454933310)|HEAP_ALLOCATE|[140]|Bytes:10
10:57:23.332 (454939804)|VARIABLE_SCOPE_BEGIN|[140]|field|String|false|false
10:57:23.332 (454953004)|VARIABLE_ASSIGNMENT|[140]|field|"My Account"
10:57:23.332 (454960530)|STATEMENT_EXECUTE|[140]
10:57:23.332 (454962867)|STATEMENT_EXECUTE|[141]
10:57:23.332 (454965148)|STATEMENT_EXECUTE|[141]
10:57:23.332 (455001453)|HEAP_ALLOCATE|[142]|Bytes:41
10:57:23.332 (455024981)|VARIABLE_SCOPE_BEGIN|[146]|e|Exception|true|false
10:57:23.332 (455065538)|VARIABLE_ASSIGNMENT|[146]|e|"common.apex.runtime.impl.ExecutionException: Attempt to de-reference a null object"|0x8d9bb0c
10:57:23.332 (455074222)|STATEMENT_EXECUTE|[146]
10:57:23.332 (455076488)|STATEMENT_EXECUTE|[147]
10:57:23.332 (455095837)|HEAP_ALLOCATE|[147]|Bytes:27
10:57:23.332 (455105271)|HEAP_ALLOCATE|[147]|Bytes:30
10:57:23.332 (455109883)|HEAP_ALLOCATE|[147]|Bytes:120
10:57:23.332 (455159162)|VARIABLE_ASSIGNMENT|[147]|this.ltngMap__Exception_Type__c|"System.NullPointerEx (100 more) ..."|0x7c89367
10:57:23.332 (455165532)|STATEMENT_EXECUTE|[148]
10:57:23.332 (455183860)|HEAP_ALLOCATE|[148]|Bytes:37
10:57:23.332 (455192436)|HEAP_ALLOCATE|[148]|Bytes:40
10:57:23.332 (455197116)|HEAP_ALLOCATE|[148]|Bytes:160
10:57:23.332 (455225334)|VARIABLE_ASSIGNMENT|[148]|this.ltngMap__Exception_Message__c|"Attempt to de-refere (140 more) ..."|0x7c89367
10:57:23.332 (455243647)|HEAP_ALLOCATE|[140]|Bytes:5
10:57:23.332 (455256537)|VARIABLE_ASSIGNMENT|[140]|field|null
10:57:23.332 (455264073)|STATEMENT_EXECUTE|[151]
10:57:23.332 (455270490)|STATEMENT_EXECUTE|[154]
10:57:23.332 (455275983)|HEAP_ALLOCATE|[154]|Bytes:5
10:57:23.332 (455291823)|METHOD_EXIT|[32]|01p7E00000462zM|ltngMap.LtngMapController.hasAccess(String, List<String>)
10:57:23.332 (455300632)|VARIABLE_SCOPE_BEGIN|[32]|access|Boolean|false|false
10:57:23.332 (455307823)|HEAP_ALLOCATE|[32]|Bytes:5
10:57:23.332 (455314516)|VARIABLE_ASSIGNMENT|[32]|access|true
10:57:23.332 (455319022)|STATEMENT_EXECUTE|[36]
10:57:23.332 (455321269)|STATEMENT_EXECUTE|[36]
10:57:23.332 (455324012)|STATEMENT_EXECUTE|[37]
10:57:23.332 (455370548)|HEAP_ALLOCATE|[37]|Bytes:5
10:57:23.332 (455608872)|EXCEPTION_THROWN|[37]|System.QueryException: unexpected token: Code
10:57:23.332 (455650965)|HEAP_ALLOCATE|[37]|Bytes:26
10:57:23.332 (455679744)|VARIABLE_SCOPE_BEGIN|[48]|e|Exception|true|false
10:57:23.332 (455716723)|VARIABLE_ASSIGNMENT|[48]|e|"common.apex.runtime.impl.ExecutionException: unexpected token: Code"|0x78c76ba6
10:57:23.332 (455723580)|STATEMENT_EXECUTE|[48]
10:57:23.332 (455726098)|STATEMENT_EXECUTE|[49]
10:57:23.332 (455787665)|HEAP_ALLOCATE|[49]|Bytes:21
10:57:23.332 (455804372)|HEAP_ALLOCATE|[49]|Bytes:141
10:57:23.332 (455875494)|VARIABLE_ASSIGNMENT|[49]|this.ltngMap__Exception_Type__c|"System.NullPointerEx (121 more) ..."|0x7c89367
10:57:23.332 (455882571)|STATEMENT_EXECUTE|[50]
10:57:23.332 (455916679)|HEAP_ALLOCATE|[50]|Bytes:22
10:57:23.332 (455927185)|HEAP_ALLOCATE|[50]|Bytes:182
10:57:23.332 (455968190)|VARIABLE_ASSIGNMENT|[50]|this.ltngMap__Exception_Message__c|"Attempt to de-refere (162 more) ..."|0x7c89367
10:57:23.332 (455975323)|STATEMENT_EXECUTE|[53]
10:57:23.332 (455983020)|HEAP_ALLOCATE|[53]|Bytes:25
10:57:23.332 (455988204)|HEAP_ALLOCATE|[53]|Bytes:11
10:57:23.332 (456013674)|HEAP_ALLOCATE|[53]|Bytes:4
10:57:23.332 (456146894)|HEAP_ALLOCATE|[60]|Bytes:97
10:57:23.332 (456164606)|METHOD_ENTRY|[60]||System.UserInfo.getUserId()
10:57:23.332 (457019857)|METHOD_EXIT|[60]||System.UserInfo.getUserId()
10:57:23.332 (457037946)|HEAP_ALLOCATE|[53]|Bytes:4
10:57:23.332 (457057438)|HEAP_ALLOCATE|[53]|Bytes:4
10:57:23.332 (457074596)|HEAP_ALLOCATE|[53]|Bytes:6
10:57:23.332 (457088787)|HEAP_ALLOCATE|[53]|Bytes:2
10:57:23.332 (457118365)|HEAP_ALLOCATE|[EXTERNAL]|Bytes:32
10:57:23.332 (457131801)|HEAP_ALLOCATE|[EXTERNAL]|Bytes:32
10:57:23.332 (457219109)|STATEMENT_EXECUTE|[61]
10:57:23.332 (457237659)|METHOD_EXIT|[16]|01p7E00000462zM|ltngMap.LtngMapController.getPropertyAddress(Id, String, String, String, String, String, String, String)
10:57:23.332 (457246047)|VARIABLE_SCOPE_BEGIN|[16]|mapMarkers|List<ltngMap.LtngMapController.MapMarker>|true|false
10:57:23.332 (457263105)|VARIABLE_ASSIGNMENT|[16]|mapMarkers|null|
10:57:23.332 (457267916)|STATEMENT_EXECUTE|[17]
10:57:23.332 (457283456)|METHOD_ENTRY|[17]||System.Test.stopTest()
10:57:23.332 (460059434)|CODE_UNIT_STARTED|[EXTERNAL]|01p7E00000462zM|ltngMap.LtngMapController.insertError(String, String, String, String, String, String, Id)
10:57:23.332 (460122110)|HEAP_ALLOCATE|[EXTERNAL]|Bytes:18
10:57:23.332 (460128088)|HEAP_ALLOCATE|[EXTERNAL]|Bytes:7
10:57:23.332 (460131953)|HEAP_ALLOCATE|[EXTERNAL]|Bytes:138
10:57:23.332 (460135565)|HEAP_ALLOCATE|[EXTERNAL]|Bytes:141
10:57:23.332 (460138864)|HEAP_ALLOCATE|[EXTERNAL]|Bytes:182
10:57:23.332 (460142516)|HEAP_ALLOCATE|[EXTERNAL]|Bytes:4
10:57:23.332 (460151390)|VARIABLE_SCOPE_BEGIN|[74]|id|String|false|false
10:57:23.332 (460166565)|VARIABLE_ASSIGNMENT|[74]|id|"0017E0000168MFXQA2"
10:57:23.332 (460172317)|VARIABLE_SCOPE_BEGIN|[74]|obj|String|false|false
10:57:23.332 (460181175)|VARIABLE_ASSIGNMENT|[74]|obj|"Account"
10:57:23.332 (460185887)|VARIABLE_SCOPE_BEGIN|[74]|query|String|false|false
10:57:23.332 (460196691)|VARIABLE_ASSIGNMENT|[74]|query|"SELECT Billing Stree (118 more) ..."
10:57:23.332 (460201475)|VARIABLE_SCOPE_BEGIN|[74]|fields|String|false|false
10:57:23.332 (460209657)|VARIABLE_ASSIGNMENT|[74]|fields|""
10:57:23.332 (460214230)|VARIABLE_SCOPE_BEGIN|[74]|type|String|false|false
10:57:23.332 (460224069)|VARIABLE_ASSIGNMENT|[74]|type|"System.NullPointerEx (121 more) ..."
10:57:23.332 (460228847)|VARIABLE_SCOPE_BEGIN|[74]|msg|String|false|false
10:57:23.332 (460238776)|VARIABLE_ASSIGNMENT|[74]|msg|"Attempt to de-refere (162 more) ..."
10:57:23.332 (460243599)|VARIABLE_SCOPE_BEGIN|[74]|usr|Id|false|false
10:57:23.332 (460306091)|VARIABLE_ASSIGNMENT|[74]|usr|"0057E000008W6ZaQAK"
10:57:23.332 (460726556)|SYSTEM_MODE_ENTER|false
10:57:23.332 (460739547)|HEAP_ALLOCATE|[75]|Bytes:5
10:57:23.332 (460746908)|STATEMENT_EXECUTE|[74]
10:57:23.332 (460749479)|STATEMENT_EXECUTE|[75]
10:57:23.332 (460764669)|VARIABLE_SCOPE_BEGIN|[75]|createdToday|Boolean|false|false
10:57:23.332 (460771775)|HEAP_ALLOCATE|[75]|Bytes:5
10:57:23.332 (460780554)|VARIABLE_ASSIGNMENT|[75]|createdToday|false
10:57:23.332 (460785280)|STATEMENT_EXECUTE|[76]
10:57:23.332 (460792511)|HEAP_ALLOCATE|[76]|Bytes:217
10:57:23.332 (460811456)|HEAP_ALLOCATE|[76]|Bytes:4
10:57:23.332 (461183203)|SOQL_EXECUTE_BEGIN|[76]|Aggregations:0|SELECT id, ltngMap__Record_ID__c, ltngMap__Mapping_Query__c, ltngMap__Inaccessible_Fields__c, ltngMap__Exception_Type__c, ltngMap__Exception_Message__c, createdById FROM ltngMap__Map_Error__c WHERE CreatedDate = TODAY
10:57:23.332 (468932545)|SOQL_EXECUTE_END|[76]|Rows:0
10:57:23.332 (468969268)|HEAP_ALLOCATE|[76]|Bytes:4
10:57:23.332 (468980063)|HEAP_ALLOCATE|[76]|Bytes:0
10:57:23.332 (469044016)|HEAP_ALLOCATE|[76]|Bytes:4
10:57:23.332 (469060645)|VARIABLE_SCOPE_BEGIN|[76]|errors|List<ltngMap__Map_Error__c>|true|false
10:57:23.332 (469083109)|VARIABLE_ASSIGNMENT|[76]|errors|[]|0x36b22edb
10:57:23.332 (469243977)|HEAP_ALLOCATE|[84]|Bytes:5
10:57:23.332 (469262366)|VARIABLE_ASSIGNMENT|[84]|error|null|
10:57:23.332 (469269742)|STATEMENT_EXECUTE|[84]
10:57:23.332 (469282129)|STATEMENT_EXECUTE|[98]
10:57:23.332 (469284676)|STATEMENT_EXECUTE|[99]
10:57:23.332 (469313655)|HEAP_ALLOCATE|[99]|Bytes:4
10:57:23.332 (469365450)|VARIABLE_ASSIGNMENT|[99]|this.ltngMap__Record_ID__c|"0017E0000168MFXQA2"|0x56fe4eb8
10:57:23.332 (469385892)|VARIABLE_ASSIGNMENT|[99]|this.ltngMap__Object_Name__c|"Account"|0x56fe4eb8
10:57:23.332 (469407216)|VARIABLE_ASSIGNMENT|[99]|this.ltngMap__Mapping_Query__c|"SELECT Billing Stree (118 more) ..."|0x56fe4eb8
10:57:23.332 (469424693)|VARIABLE_ASSIGNMENT|[99]|this.ltngMap__Inaccessible_Fields__c|""|0x56fe4eb8
10:57:23.332 (469443128)|VARIABLE_ASSIGNMENT|[99]|this.ltngMap__Exception_Type__c|"System.NullPointerEx (121 more) ..."|0x56fe4eb8
10:57:23.332 (469461368)|VARIABLE_ASSIGNMENT|[99]|this.ltngMap__Exception_Message__c|"Attempt to de-refere (162 more) ..."|0x56fe4eb8
10:57:23.332 (469501639)|HEAP_ALLOCATE|[99]|Bytes:8
10:57:23.332 (469511249)|DML_BEGIN|[99]|Op:Insert|Type:ltngMap__Map_Error__c|Rows:1
10:57:23.332 (469536678)|HEAP_ALLOCATE|[EXTERNAL]|Bytes:8
10:57:23.332 (573492908)|DML_END|[99]
10:57:23.332 (573530274)|SYSTEM_MODE_EXIT|false
10:57:23.573 (573556379)|CUMULATIVE_LIMIT_USAGE
10:57:23.573 (573556379)|LIMIT_USAGE_FOR_NS|(default)|
  Number of SOQL queries: 0 out of 200
  Number of query rows: 0 out of 50000
  Number of SOSL queries: 0 out of 20
  Number of DML statements: 0 out of 150
  Number of DML rows: 0 out of 10000
  Maximum CPU time: 0 out of 60000
  Maximum heap size: 0 out of 12000000
  Number of callouts: 0 out of 100
  Number of Email Invocations: 0 out of 10
  Number of future calls: 0 out of 50
  Number of queueable jobs added to the queue: 0 out of 1
  Number of Mobile Apex push calls: 0 out of 10

10:57:23.573 (573556379)|LIMIT_USAGE_FOR_NS|ltngMap|
  Number of SOQL queries: 1 out of 200
  Number of query rows: 0 out of 50000
  Number of SOSL queries: 0 out of 20
  Number of DML statements: 1 out of 150
  Number of DML rows: 1 out of 10000
  Maximum CPU time: 0 out of 60000
  Maximum heap size: 0 out of 12000000
  Number of callouts: 0 out of 100
  Number of Email Invocations: 0 out of 10
  Number of future calls: 0 out of 50
  Number of queueable jobs added to the queue: 0 out of 1
  Number of Mobile Apex push calls: 0 out of 10

10:57:23.573 (573556379)|CUMULATIVE_LIMIT_USAGE_END

10:57:23.332 (573595203)|CODE_UNIT_FINISHED|ltngMap.LtngMapController.insertError(String, String, String, String, String, String, Id)
10:57:23.332 (574764434)|METHOD_EXIT|[17]||System.Test.stopTest()
10:57:23.332 (574779971)|STATEMENT_EXECUTE|[19]
10:57:23.332 (574835306)|HEAP_ALLOCATE|[19]|Bytes:41
10:57:23.332 (574857894)|SYSTEM_MODE_EXIT|false
10:57:23.332 (574933229)|FATAL_ERROR|System.NullPointerException: Attempt to de-reference a null object

Class.ltngMap.LtngMapController_Test.getPropertyAddress: line 19, column 1
10:57:23.332 (574956487)|FATAL_ERROR|System.NullPointerException: Attempt to de-reference a null object

Class.ltngMap.LtngMapController_Test.getPropertyAddress: line 19, column 1
10:57:23.574 (574962417)|CUMULATIVE_LIMIT_USAGE
10:57:23.574 (574962417)|LIMIT_USAGE_FOR_NS|(default)|
  Number of SOQL queries: 0 out of 100
  Number of query rows: 0 out of 50000
  Number of SOSL queries: 0 out of 20
  Number of DML statements: 0 out of 150
  Number of DML rows: 0 out of 10000
  Maximum CPU time: 0 out of 10000
  Maximum heap size: 0 out of 6000000
  Number of callouts: 0 out of 100
  Number of Email Invocations: 0 out of 10
  Number of future calls: 0 out of 50
  Number of queueable jobs added to the queue: 0 out of 50
  Number of Mobile Apex push calls: 0 out of 10

10:57:23.574 (574962417)|LIMIT_USAGE_FOR_NS|ltngMap|
  Number of SOQL queries: 1 out of 100
  Number of query rows: 1 out of 50000
  Number of SOSL queries: 0 out of 20
  Number of DML statements: 2 out of 150
  Number of DML rows: 2 out of 10000
  Maximum CPU time: 0 out of 10000
  Maximum heap size: 0 out of 6000000
  Number of callouts: 0 out of 100
  Number of Email Invocations: 0 out of 10
  Number of future calls: 0 out of 50
  Number of queueable jobs added to the queue: 0 out of 50
  Number of Mobile Apex push calls: 0 out of 10

10:57:23.574 (574962417)|TESTING_LIMITS
10:57:23.574 (574962417)|LIMIT_USAGE_FOR_NS|(default)|
  Number of SOQL queries: 0 out of 100
  Number of query rows: 0 out of 50000
  Number of SOSL queries: 0 out of 20
  Number of DML statements: 0 out of 150
  Number of DML rows: 0 out of 10000
  Maximum CPU time: 0 out of 10000
  Maximum heap size: 0 out of 6000000
  Number of callouts: 0 out of 100
  Number of Email Invocations: 0 out of 10
  Number of future calls: 0 out of 50
  Number of queueable jobs added to the queue: 0 out of 50
  Number of Mobile Apex push calls: 0 out of 10

10:57:23.574 (574962417)|LIMIT_USAGE_FOR_NS|ltngMap|
  Number of SOQL queries: 0 out of 100
  Number of query rows: 0 out of 50000
  Number of SOSL queries: 0 out of 20
  Number of DML statements: 0 out of 150
  Number of DML rows: 0 out of 10000
  Maximum CPU time: 0 out of 10000
  Maximum heap size: 0 out of 6000000
  Number of callouts: 0 out of 100
  Number of Email Invocations: 0 out of 10
  Number of future calls: 1 out of 50
  Number of queueable jobs added to the queue: 0 out of 50
  Number of Mobile Apex push calls: 0 out of 10

10:57:23.574 (574962417)|CUMULATIVE_LIMIT_USAGE_END

10:57:23.332 (574997809)|CODE_UNIT_FINISHED|ltngMap.LtngMapController_Test.getPropertyAddress()
10:57:23.332 (576628798)|EXECUTION_FINISHED
